<?xml version="1.0" encoding="UTF-8"?>
<testsuite name="com.genepi73.calculator.CalculatorTest" tests="1" skipped="0" failures="0" errors="0" timestamp="2017-11-01T16:35:32" hostname="macbook-pro-de-sebastien.home" time="0.001">
  <properties/>
  <testcase name="testSum" classname="com.genepi73.calculator.CalculatorTest" time="0.001"/>
  <system-out><![CDATA[]]></system-out>
  <system-err><![CDATA[]]></system-err>
</testsuite>
